<?xml version="1.0" encoding="UTF-8"?>
<!-- Generated by org.testng.reporters.JUnitReportReporter -->
<testsuite hostname="KING" failures="0" tests="2" name="qaclickacademy.RESTAPITest" time="0.007" errors="0" timestamp="2022-08-02T12:14:28 IST" skipped="0">
  <testcase classname="qaclickacademy.RESTAPITest" name="postJira" time="0.004"/>
  <system-out/>
  <testcase classname="qaclickacademy.RESTAPITest" name="deleteTwitter" time="0.003"/>
  <system-out/>
</testsuite> <!-- qaclickacademy.RESTAPITest -->
