<?xml version="1.0" encoding="UTF-8"?>
<!-- Generated by org.testng.reporters.JUnitReportReporter -->
<testsuite hostname="KING" failures="0" tests="2" name="qaclickacademy.AppiumTest" time="0.006" errors="0" timestamp="2022-08-03T09:56:06 IST" skipped="0">
  <testcase classname="qaclickacademy.AppiumTest" name="IOSApps" time="0.005"/>
  <system-out/>
  <testcase classname="qaclickacademy.AppiumTest" name="NativeAppAndroid" time="0.001"/>
  <system-out/>
</testsuite> <!-- qaclickacademy.AppiumTest -->
